<?xml version="1.0" encoding="UTF-8"?>
<!-- Generated by org.testng.reporters.JUnitXMLReporter -->
<testsuite ignored="0" hostname="DESKTOP-D16QTRN" failures="0" tests="4" name="Regression Test Cycle-1" time="43.627" errors="0" timestamp="2019-12-25T12:49:13 IST">
  <testcase classname="junitpack.PracticeTestNG" name="x" time="0.541"/>
  <testcase classname="junitpack.PracticeTestNG" name="f11" time="0.516"/>
  <testcase classname="junitpack.Practice2" name="x" time="1.089"/>
  <testcase classname="junitpack.Practice2" name="f11" time="0.73"/>
</testsuite> <!-- Regression Test Cycle-1 -->
