<?xml version="1.0" encoding="UTF-8"?>
<testng-results ignored="0" total="2" passed="2" failed="0" skipped="0">
  <reporter-output>
  </reporter-output>
  <suite started-at="2019-12-25T13:47:37 IST" name="Default suite" finished-at="2019-12-25T13:47:57 IST" duration-ms="19706">
    <groups>
    </groups>
    <test started-at="2019-12-25T13:47:37 IST" name="Default test" finished-at="2019-12-25T13:47:57 IST" duration-ms="19706">
      <class name="junitpack.DataCls">
        <test-method signature="f(java.lang.String, java.lang.String)[pri:0, instance:junitpack.DataCls@2aa5fe93]" started-at="2019-12-25T13:47:37 IST" name="f" data-provider="TestData" finished-at="2019-12-25T13:47:49 IST" duration-ms="11469" status="PASS">
          <params>
            <param index="0">
              <value>
                <![CDATA[Divya Thanniru]]>
              </value>
            </param>
            <param index="1">
              <value>
                <![CDATA[12345]]>
              </value>
            </param>
          </params>
          <reporter-output>
          </reporter-output>
        </test-method> <!-- f -->
        <test-method signature="f(java.lang.String, java.lang.String)[pri:0, instance:junitpack.DataCls@2aa5fe93]" started-at="2019-12-25T13:47:49 IST" name="f" data-provider="TestData" finished-at="2019-12-25T13:47:57 IST" duration-ms="8174" status="PASS">
          <params>
            <param index="0">
              <value>
                <![CDATA[Navya Thanniru]]>
              </value>
            </param>
            <param index="1">
              <value>
                <![CDATA[abcd123]]>
              </value>
            </param>
          </params>
          <reporter-output>
          </reporter-output>
        </test-method> <!-- f -->
      </class> <!-- junitpack.DataCls -->
    </test> <!-- Default test -->
  </suite> <!-- Default suite -->
</testng-results>
